<?xml version="1.0" encoding="UTF-8"?>
<!-- Generated by org.testng.reporters.JUnitReportReporter -->
<testsuite hostname="DESKTOP-1B1BE1O" failures="0" tests="2" name="testScript.ManageNewsTest" time="14.975" errors="0" timestamp="2025-08-25T18:12:51 IST" skipped="0">
  <testcase classname="testScript.ManageNewsTest" name="test" time="9.688"/>
  <testcase classname="testScript.ManageNewsTest" name="editNewsTest" time="5.287"/>
</testsuite> <!-- testScript.ManageNewsTest -->
