<?xml version="1.0" encoding="UTF-8"?>
<!-- Generated by org.testng.reporters.JUnitReportReporter -->
<testsuite hostname="DESKTOP-1B1BE1O" failures="0" tests="4" name="testScript.LoginTest" time="27.185" errors="0" timestamp="2025-08-18T09:03:54 IST" skipped="0">
  <testcase classname="testScript.LoginTest" name="validUsernameAndPassword" time="13.866"/>
  <testcase classname="testScript.LoginTest" name="validUsernameInvalidPassword" time="5.600"/>
  <testcase classname="testScript.LoginTest" name="invalidUsernameValidPassword" time="3.872"/>
  <testcase classname="testScript.LoginTest" name="invalidUsernameAnddPassword" time="3.847"/>
</testsuite> <!-- testScript.LoginTest -->
